<?xml version="1.0" encoding="UTF-8"?>
<!-- Generated by org.testng.reporters.JUnitXMLReporter -->
<testsuite hostname="Admin-PC" name="CRM Firefox Tests" tests="1" failures="1" timestamp="28 Jul 2019 16:20:35 GMT" time="44.116" errors="0">
  <testcase name="verifyHomePageUserNameTest" time="7.146" classname="com.MyTests.HomePageTest">
    <failure type="java.lang.AssertionError" message="expected [[[FirefoxDriver: firefox on WINDOWS (6a7496e4-571d-489b-93eb-8d93ab663657)] -&amp;gt; xpath: //td[contains(text(),&amp;apos;User: Pavan KrishnanReddy&amp;apos;)]]] but found [[[FirefoxDriver: firefox on WINDOWS (dd1b6469-ff50-44eb-ba91-47894093ca86)] -&amp;gt; xpath: //td[contains(text(),&amp;apos;User: Pavan KrishnanReddy&amp;apos;)]]]">
      <![CDATA[java.lang.AssertionError: expected [[[FirefoxDriver: firefox on WINDOWS (6a7496e4-571d-489b-93eb-8d93ab663657)] -> xpath: //td[contains(text(),'User: Pavan KrishnanReddy')]]] but found [[[FirefoxDriver: firefox on WINDOWS (dd1b6469-ff50-44eb-ba91-47894093ca86)] -> xpath: //td[contains(text(),'User: Pavan KrishnanReddy')]]]
	at com.MyTests.HomePageTest.verifyHomePageUserNameTest(HomePageTest.java:28)
	at java.util.concurrent.FutureTask.run(FutureTask.java:266)
	at java.util.concurrent.ThreadPoolExecutor.runWorker(ThreadPoolExecutor.java:1149)
	at java.util.concurrent.ThreadPoolExecutor$Worker.run(ThreadPoolExecutor.java:624)
	at java.lang.Thread.run(Thread.java:748)
... Removed 21 stack frames]]>
    </failure>
  </testcase> <!-- verifyHomePageUserNameTest -->
</testsuite> <!-- CRM Firefox Tests -->
