<?xml version="1.0" encoding="UTF-8"?>
<testng-results skipped="0" failed="2" total="2" passed="0">
  <reporter-output>
  </reporter-output>
  <suite name="CRM Oops Concept Suite" duration-ms="44475" started-at="2019-07-28T16:19:51Z" finished-at="2019-07-28T16:20:35Z">
    <groups>
    </groups>
    <test name="CRM Firefox Tests" duration-ms="44116" started-at="2019-07-28T16:19:51Z" finished-at="2019-07-28T16:20:35Z">
      <class name="com.MyTests.HomePageTest">
        <test-method status="PASS" signature="setUpTest(java.lang.String)[pri:0, instance:com.MyTests.HomePageTest@5e5792a0]" name="setUpTest" is-config="true" duration-ms="32381" started-at="2019-07-28T21:49:51Z" finished-at="2019-07-28T21:50:23Z">
          <params>
            <param index="0">
              <value>
                <![CDATA[firefox]]>
              </value>
            </param>
          </params>
          <reporter-output>
          </reporter-output>
        </test-method> <!-- setUpTest -->
        <test-method status="FAIL" signature="verifyHomePageUserNameTest()[pri:2, instance:com.MyTests.HomePageTest@5e5792a0]" name="verifyHomePageUserNameTest" duration-ms="7146" started-at="2019-07-28T21:50:23Z" finished-at="2019-07-28T21:50:30Z">
          <exception class="java.lang.AssertionError">
            <message>
              <![CDATA[expected [[[FirefoxDriver: firefox on WINDOWS (6a7496e4-571d-489b-93eb-8d93ab663657)] -> xpath: //td[contains(text(),'User: Pavan KrishnanReddy')]]] but found [[[FirefoxDriver: firefox on WINDOWS (dd1b6469-ff50-44eb-ba91-47894093ca86)] -> xpath: //td[contains(text(),'User: Pavan KrishnanReddy')]]]]]>
            </message>
            <full-stacktrace>
              <![CDATA[java.lang.AssertionError: expected [[[FirefoxDriver: firefox on WINDOWS (6a7496e4-571d-489b-93eb-8d93ab663657)] -> xpath: //td[contains(text(),'User: Pavan KrishnanReddy')]]] but found [[[FirefoxDriver: firefox on WINDOWS (dd1b6469-ff50-44eb-ba91-47894093ca86)] -> xpath: //td[contains(text(),'User: Pavan KrishnanReddy')]]]
	at org.testng.Assert.fail(Assert.java:94)
	at org.testng.Assert.failNotEquals(Assert.java:513)
	at org.testng.Assert.assertEqualsImpl(Assert.java:135)
	at org.testng.Assert.assertEquals(Assert.java:116)
	at org.testng.Assert.assertEquals(Assert.java:179)
	at com.MyTests.HomePageTest.verifyHomePageUserNameTest(HomePageTest.java:28)
	at sun.reflect.NativeMethodAccessorImpl.invoke0(Native Method)
	at sun.reflect.NativeMethodAccessorImpl.invoke(NativeMethodAccessorImpl.java:62)
	at sun.reflect.DelegatingMethodAccessorImpl.invoke(DelegatingMethodAccessorImpl.java:43)
	at java.lang.reflect.Method.invoke(Method.java:498)
	at org.testng.internal.MethodInvocationHelper.invokeMethod(MethodInvocationHelper.java:86)
	at org.testng.internal.Invoker.invokeMethod(Invoker.java:646)
	at org.testng.internal.Invoker.invokeTestMethod(Invoker.java:823)
	at org.testng.internal.Invoker.invokeTestMethods(Invoker.java:1131)
	at org.testng.internal.TestMethodWorker.invokeTestMethods(TestMethodWorker.java:129)
	at org.testng.internal.TestMethodWorker.run(TestMethodWorker.java:112)
	at org.testng.TestRunner.privateRun(TestRunner.java:778)
	at org.testng.TestRunner.run(TestRunner.java:632)
	at org.testng.SuiteRunner.runTest(SuiteRunner.java:366)
	at org.testng.SuiteRunner.access$000(SuiteRunner.java:39)
	at org.testng.SuiteRunner$SuiteWorker.run(SuiteRunner.java:400)
	at org.testng.internal.thread.ThreadUtil$2.call(ThreadUtil.java:64)
	at java.util.concurrent.FutureTask.run(FutureTask.java:266)
	at java.util.concurrent.ThreadPoolExecutor.runWorker(ThreadPoolExecutor.java:1149)
	at java.util.concurrent.ThreadPoolExecutor$Worker.run(ThreadPoolExecutor.java:624)
	at java.lang.Thread.run(Thread.java:748)
]]>
            </full-stacktrace>
          </exception> <!-- java.lang.AssertionError -->
          <reporter-output>
          </reporter-output>
        </test-method> <!-- verifyHomePageUserNameTest -->
        <test-method status="PASS" signature="tearDown()[pri:0, instance:com.MyTests.HomePageTest@5e5792a0]" name="tearDown" is-config="true" duration-ms="4562" started-at="2019-07-28T21:50:30Z" finished-at="2019-07-28T21:50:35Z">
          <reporter-output>
          </reporter-output>
        </test-method> <!-- tearDown -->
      </class> <!-- com.MyTests.HomePageTest -->
    </test> <!-- CRM Firefox Tests -->
    <test name="CRM Chrome Tests" duration-ms="44475" started-at="2019-07-28T16:19:51Z" finished-at="2019-07-28T16:20:35Z">
      <class name="com.MyTests.HomePageTest">
        <test-method status="PASS" signature="setUpTest(java.lang.String)[pri:0, instance:com.MyTests.HomePageTest@5c7fa833]" name="setUpTest" is-config="true" duration-ms="20072" started-at="2019-07-28T21:49:51Z" finished-at="2019-07-28T21:50:11Z">
          <params>
            <param index="0">
              <value>
                <![CDATA[chrome]]>
              </value>
            </param>
          </params>
          <reporter-output>
          </reporter-output>
        </test-method> <!-- setUpTest -->
        <test-method status="FAIL" signature="verifyHomePageUserNameTest()[pri:2, instance:com.MyTests.HomePageTest@5c7fa833]" name="verifyHomePageUserNameTest" duration-ms="23753" started-at="2019-07-28T21:50:11Z" finished-at="2019-07-28T21:50:34Z">
          <exception class="java.lang.NullPointerException">
            <full-stacktrace>
              <![CDATA[java.lang.NullPointerException
	at com.MyPages.LoginPage.doLogin(LoginPage.java:45)
	at com.MyTests.HomePageTest.verifyHomePageUserNameTest(HomePageTest.java:24)
	at sun.reflect.NativeMethodAccessorImpl.invoke0(Native Method)
	at sun.reflect.NativeMethodAccessorImpl.invoke(NativeMethodAccessorImpl.java:62)
	at sun.reflect.DelegatingMethodAccessorImpl.invoke(DelegatingMethodAccessorImpl.java:43)
	at java.lang.reflect.Method.invoke(Method.java:498)
	at org.testng.internal.MethodInvocationHelper.invokeMethod(MethodInvocationHelper.java:86)
	at org.testng.internal.Invoker.invokeMethod(Invoker.java:646)
	at org.testng.internal.Invoker.invokeTestMethod(Invoker.java:823)
	at org.testng.internal.Invoker.invokeTestMethods(Invoker.java:1131)
	at org.testng.internal.TestMethodWorker.invokeTestMethods(TestMethodWorker.java:129)
	at org.testng.internal.TestMethodWorker.run(TestMethodWorker.java:112)
	at org.testng.TestRunner.privateRun(TestRunner.java:778)
	at org.testng.TestRunner.run(TestRunner.java:632)
	at org.testng.SuiteRunner.runTest(SuiteRunner.java:366)
	at org.testng.SuiteRunner.access$000(SuiteRunner.java:39)
	at org.testng.SuiteRunner$SuiteWorker.run(SuiteRunner.java:400)
	at org.testng.internal.thread.ThreadUtil$2.call(ThreadUtil.java:64)
	at java.util.concurrent.FutureTask.run(FutureTask.java:266)
	at java.util.concurrent.ThreadPoolExecutor.runWorker(ThreadPoolExecutor.java:1149)
	at java.util.concurrent.ThreadPoolExecutor$Worker.run(ThreadPoolExecutor.java:624)
	at java.lang.Thread.run(Thread.java:748)
]]>
            </full-stacktrace>
          </exception> <!-- java.lang.NullPointerException -->
          <reporter-output>
          </reporter-output>
        </test-method> <!-- verifyHomePageUserNameTest -->
        <test-method status="PASS" signature="tearDown()[pri:0, instance:com.MyTests.HomePageTest@5c7fa833]" name="tearDown" is-config="true" duration-ms="623" started-at="2019-07-28T21:50:34Z" finished-at="2019-07-28T21:50:35Z">
          <reporter-output>
          </reporter-output>
        </test-method> <!-- tearDown -->
      </class> <!-- com.MyTests.HomePageTest -->
    </test> <!-- CRM Chrome Tests -->
  </suite> <!-- CRM Oops Concept Suite -->
</testng-results>
